0 info it worked if it ends with ok
1 verbose cli [ 'C:\\Program Files\\nodejs\\\\node.exe',
1 verbose cli   'C:\\Program Files\\nodejs\\node_modules\\npm\\bin\\npm-cli.js',
1 verbose cli   'install',
1 verbose cli   'mjml' ]
2 info using npm@2.15.1
3 info using node@v0.10.48
4 verbose config Skipping project config: C:\Users\Elias Daniel/.npmrc. (matches userconfig)
5 verbose install initial load of C:\Users\Elias Daniel\package.json
6 verbose installManyTop reading scoped package data from C:\Users\Elias Daniel\node_modules\abbrev\package.json
7 verbose installManyTop reading scoped package data from C:\Users\Elias Daniel\node_modules\ajv\package.json
8 verbose installManyTop reading scoped package data from C:\Users\Elias Daniel\node_modules\ansi-colors\package.json
9 verbose installManyTop reading scoped package data from C:\Users\Elias Daniel\node_modules\ansi-gray\package.json
10 verbose installManyTop reading scoped package data from C:\Users\Elias Daniel\node_modules\ansi-regex\package.json
11 verbose installManyTop reading scoped package data from C:\Users\Elias Daniel\node_modules\ansi-styles\package.json
12 verbose installManyTop reading scoped package data from C:\Users\Elias Daniel\node_modules\ansi-wrap\package.json
13 verbose installManyTop reading scoped package data from C:\Users\Elias Daniel\node_modules\anymatch\package.json
14 verbose installManyTop reading scoped package data from C:\Users\Elias Daniel\node_modules\append-buffer\package.json
15 verbose installManyTop reading scoped package data from C:\Users\Elias Daniel\node_modules\archy\package.json
16 verbose installManyTop reading scoped package data from C:\Users\Elias Daniel\node_modules\arr-diff\package.json
17 verbose installManyTop reading scoped package data from C:\Users\Elias Daniel\node_modules\arr-filter\package.json
18 verbose installManyTop reading scoped package data from C:\Users\Elias Daniel\node_modules\arr-flatten\package.json
19 verbose installManyTop reading scoped package data from C:\Users\Elias Daniel\node_modules\arr-map\package.json
20 verbose installManyTop reading scoped package data from C:\Users\Elias Daniel\node_modules\arr-union\package.json
21 verbose installManyTop reading scoped package data from C:\Users\Elias Daniel\node_modules\array-each\package.json
22 verbose installManyTop reading scoped package data from C:\Users\Elias Daniel\node_modules\array-initial\package.json
23 verbose installManyTop reading scoped package data from C:\Users\Elias Daniel\node_modules\array-last\package.json
24 verbose installManyTop reading scoped package data from C:\Users\Elias Daniel\node_modules\array-slice\package.json
25 verbose installManyTop reading scoped package data from C:\Users\Elias Daniel\node_modules\array-sort\package.json
26 verbose installManyTop reading scoped package data from C:\Users\Elias Daniel\node_modules\array-unique\package.json
27 verbose installManyTop reading scoped package data from C:\Users\Elias Daniel\node_modules\asn1\package.json
28 verbose installManyTop reading scoped package data from C:\Users\Elias Daniel\node_modules\assert-plus\package.json
29 verbose installManyTop reading scoped package data from C:\Users\Elias Daniel\node_modules\assign-symbols\package.json
30 verbose installManyTop reading scoped package data from C:\Users\Elias Daniel\node_modules\async\package.json
31 verbose installManyTop reading scoped package data from C:\Users\Elias Daniel\node_modules\async-done\package.json
32 verbose installManyTop reading scoped package data from C:\Users\Elias Daniel\node_modules\async-each\package.json
33 verbose installManyTop reading scoped package data from C:\Users\Elias Daniel\node_modules\async-settle\package.json
34 verbose installManyTop reading scoped package data from C:\Users\Elias Daniel\node_modules\asynckit\package.json
35 verbose installManyTop reading scoped package data from C:\Users\Elias Daniel\node_modules\atob\package.json
36 verbose installManyTop reading scoped package data from C:\Users\Elias Daniel\node_modules\aws-sign2\package.json
37 verbose installManyTop reading scoped package data from C:\Users\Elias Daniel\node_modules\aws4\package.json
38 verbose installManyTop reading scoped package data from C:\Users\Elias Daniel\node_modules\babel-runtime\package.json
39 verbose installManyTop reading scoped package data from C:\Users\Elias Daniel\node_modules\bach\package.json
40 verbose installManyTop reading scoped package data from C:\Users\Elias Daniel\node_modules\balanced-match\package.json
41 verbose installManyTop reading scoped package data from C:\Users\Elias Daniel\node_modules\base\package.json
42 verbose installManyTop reading scoped package data from C:\Users\Elias Daniel\node_modules\bcrypt-pbkdf\package.json
43 verbose installManyTop reading scoped package data from C:\Users\Elias Daniel\node_modules\binary-extensions\package.json
44 verbose installManyTop reading scoped package data from C:\Users\Elias Daniel\node_modules\bindings\package.json
45 verbose installManyTop reading scoped package data from C:\Users\Elias Daniel\node_modules\boolbase\package.json
46 verbose installManyTop reading scoped package data from C:\Users\Elias Daniel\node_modules\brace-expansion\package.json
47 verbose installManyTop reading scoped package data from C:\Users\Elias Daniel\node_modules\braces\package.json
48 verbose installManyTop reading scoped package data from C:\Users\Elias Daniel\node_modules\buffer-equal\package.json
49 verbose installManyTop reading scoped package data from C:\Users\Elias Daniel\node_modules\buffer-from\package.json
50 verbose installManyTop reading scoped package data from C:\Users\Elias Daniel\node_modules\cache-base\package.json
51 verbose installManyTop reading scoped package data from C:\Users\Elias Daniel\node_modules\camel-case\package.json
52 verbose installManyTop reading scoped package data from C:\Users\Elias Daniel\node_modules\camelcase\package.json
53 verbose installManyTop reading scoped package data from C:\Users\Elias Daniel\node_modules\caseless\package.json
54 verbose installManyTop reading scoped package data from C:\Users\Elias Daniel\node_modules\chalk\package.json
55 verbose installManyTop reading scoped package data from C:\Users\Elias Daniel\node_modules\cheerio\package.json
56 verbose installManyTop reading scoped package data from C:\Users\Elias Daniel\node_modules\chokidar\package.json
57 verbose installManyTop reading scoped package data from C:\Users\Elias Daniel\node_modules\class-utils\package.json
58 verbose installManyTop reading scoped package data from C:\Users\Elias Daniel\node_modules\clean-css\package.json
59 verbose installManyTop reading scoped package data from C:\Users\Elias Daniel\node_modules\cliui\package.json
60 verbose installManyTop reading scoped package data from C:\Users\Elias Daniel\node_modules\clone\package.json
61 verbose installManyTop reading scoped package data from C:\Users\Elias Daniel\node_modules\clone-buffer\package.json
62 verbose installManyTop reading scoped package data from C:\Users\Elias Daniel\node_modules\clone-stats\package.json
63 verbose installManyTop reading scoped package data from C:\Users\Elias Daniel\node_modules\cloneable-readable\package.json
64 verbose installManyTop reading scoped package data from C:\Users\Elias Daniel\node_modules\code-point-at\package.json
65 verbose installManyTop reading scoped package data from C:\Users\Elias Daniel\node_modules\collection-map\package.json
66 verbose installManyTop reading scoped package data from C:\Users\Elias Daniel\node_modules\collection-visit\package.json
67 verbose installManyTop reading scoped package data from C:\Users\Elias Daniel\node_modules\color-convert\package.json
68 verbose installManyTop reading scoped package data from C:\Users\Elias Daniel\node_modules\color-name\package.json
69 verbose installManyTop reading scoped package data from C:\Users\Elias Daniel\node_modules\color-support\package.json
70 verbose installManyTop reading scoped package data from C:\Users\Elias Daniel\node_modules\combined-stream\package.json
71 verbose installManyTop reading scoped package data from C:\Users\Elias Daniel\node_modules\commander\package.json
72 verbose installManyTop reading scoped package data from C:\Users\Elias Daniel\node_modules\component-emitter\package.json
73 verbose installManyTop reading scoped package data from C:\Users\Elias Daniel\node_modules\concat-map\package.json
74 verbose installManyTop reading scoped package data from C:\Users\Elias Daniel\node_modules\concat-stream\package.json
75 verbose installManyTop reading scoped package data from C:\Users\Elias Daniel\node_modules\config-chain\package.json
76 verbose installManyTop reading scoped package data from C:\Users\Elias Daniel\node_modules\convert-source-map\package.json
77 verbose installManyTop reading scoped package data from C:\Users\Elias Daniel\node_modules\copy-descriptor\package.json
78 verbose installManyTop reading scoped package data from C:\Users\Elias Daniel\node_modules\copy-props\package.json
79 verbose installManyTop reading scoped package data from C:\Users\Elias Daniel\node_modules\core-js\package.json
80 verbose installManyTop reading scoped package data from C:\Users\Elias Daniel\node_modules\core-util-is\package.json
81 verbose installManyTop reading scoped package data from C:\Users\Elias Daniel\node_modules\cross-spawn\package.json
82 verbose installManyTop reading scoped package data from C:\Users\Elias Daniel\node_modules\css-select\package.json
83 verbose installManyTop reading scoped package data from C:\Users\Elias Daniel\node_modules\css-what\package.json
84 verbose installManyTop reading scoped package data from C:\Users\Elias Daniel\node_modules\d\package.json
85 verbose installManyTop reading scoped package data from C:\Users\Elias Daniel\node_modules\dashdash\package.json
86 verbose installManyTop reading scoped package data from C:\Users\Elias Daniel\node_modules\datauri\package.json
87 verbose installManyTop reading scoped package data from C:\Users\Elias Daniel\node_modules\debug\package.json
88 verbose installManyTop reading scoped package data from C:\Users\Elias Daniel\node_modules\decamelize\package.json
89 verbose installManyTop reading scoped package data from C:\Users\Elias Daniel\node_modules\decode-uri-component\package.json
90 verbose installManyTop reading scoped package data from C:\Users\Elias Daniel\node_modules\deep-extend\package.json
91 verbose installManyTop reading scoped package data from C:\Users\Elias Daniel\node_modules\default-compare\package.json
92 verbose installManyTop reading scoped package data from C:\Users\Elias Daniel\node_modules\default-resolution\package.json
93 verbose installManyTop reading scoped package data from C:\Users\Elias Daniel\node_modules\define-properties\package.json
94 verbose installManyTop reading scoped package data from C:\Users\Elias Daniel\node_modules\define-property\package.json
95 verbose installManyTop reading scoped package data from C:\Users\Elias Daniel\node_modules\delayed-stream\package.json
96 verbose installManyTop reading scoped package data from C:\Users\Elias Daniel\node_modules\detect-file\package.json
97 verbose installManyTop reading scoped package data from C:\Users\Elias Daniel\node_modules\dom-serializer\package.json
98 verbose installManyTop reading scoped package data from C:\Users\Elias Daniel\node_modules\domelementtype\package.json
99 verbose installManyTop reading scoped package data from C:\Users\Elias Daniel\node_modules\domhandler\package.json
100 verbose installManyTop reading scoped package data from C:\Users\Elias Daniel\node_modules\domutils\package.json
101 verbose installManyTop reading scoped package data from C:\Users\Elias Daniel\node_modules\duplexify\package.json
102 verbose installManyTop reading scoped package data from C:\Users\Elias Daniel\node_modules\each-props\package.json
103 verbose installManyTop reading scoped package data from C:\Users\Elias Daniel\node_modules\ecc-jsbn\package.json
104 verbose installManyTop reading scoped package data from C:\Users\Elias Daniel\node_modules\editorconfig\package.json
105 verbose installManyTop reading scoped package data from C:\Users\Elias Daniel\node_modules\emoji-regex\package.json
106 verbose installManyTop reading scoped package data from C:\Users\Elias Daniel\node_modules\end-of-stream\package.json
107 verbose installManyTop reading scoped package data from C:\Users\Elias Daniel\node_modules\entities\package.json
108 verbose installManyTop reading scoped package data from C:\Users\Elias Daniel\node_modules\error-ex\package.json
109 verbose installManyTop reading scoped package data from C:\Users\Elias Daniel\node_modules\es5-ext\package.json
110 verbose installManyTop reading scoped package data from C:\Users\Elias Daniel\node_modules\es6-iterator\package.json
111 verbose installManyTop reading scoped package data from C:\Users\Elias Daniel\node_modules\es6-symbol\package.json
112 verbose installManyTop reading scoped package data from C:\Users\Elias Daniel\node_modules\es6-weak-map\package.json
113 verbose installManyTop reading scoped package data from C:\Users\Elias Daniel\node_modules\escape-string-regexp\package.json
114 verbose installManyTop reading scoped package data from C:\Users\Elias Daniel\node_modules\expand-brackets\package.json
115 verbose installManyTop reading scoped package data from C:\Users\Elias Daniel\node_modules\expand-tilde\package.json
116 verbose installManyTop reading scoped package data from C:\Users\Elias Daniel\node_modules\ext\package.json
117 verbose installManyTop reading scoped package data from C:\Users\Elias Daniel\node_modules\extend\package.json
118 verbose installManyTop reading scoped package data from C:\Users\Elias Daniel\node_modules\extend-shallow\package.json
119 verbose installManyTop reading scoped package data from C:\Users\Elias Daniel\node_modules\extglob\package.json
120 verbose installManyTop reading scoped package data from C:\Users\Elias Daniel\node_modules\extsprintf\package.json
121 verbose installManyTop reading scoped package data from C:\Users\Elias Daniel\node_modules\fancy-log\package.json
122 verbose installManyTop reading scoped package data from C:\Users\Elias Daniel\node_modules\fast-deep-equal\package.json
123 verbose installManyTop reading scoped package data from C:\Users\Elias Daniel\node_modules\fast-json-stable-stringify\package.json
124 verbose installManyTop reading scoped package data from C:\Users\Elias Daniel\node_modules\file-uri-to-path\package.json
125 verbose installManyTop reading scoped package data from C:\Users\Elias Daniel\node_modules\fill-range\package.json
126 verbose installManyTop reading scoped package data from C:\Users\Elias Daniel\node_modules\find-up\package.json
127 verbose installManyTop reading scoped package data from C:\Users\Elias Daniel\node_modules\findup-sync\package.json
128 verbose installManyTop reading scoped package data from C:\Users\Elias Daniel\node_modules\fined\package.json
129 verbose installManyTop reading scoped package data from C:\Users\Elias Daniel\node_modules\flagged-respawn\package.json
130 verbose installManyTop reading scoped package data from C:\Users\Elias Daniel\node_modules\flush-write-stream\package.json
131 verbose installManyTop reading scoped package data from C:\Users\Elias Daniel\node_modules\for-in\package.json
132 verbose installManyTop reading scoped package data from C:\Users\Elias Daniel\node_modules\for-own\package.json
133 verbose installManyTop reading scoped package data from C:\Users\Elias Daniel\node_modules\forever-agent\package.json
134 verbose installManyTop reading scoped package data from C:\Users\Elias Daniel\node_modules\form-data\package.json
135 verbose installManyTop reading scoped package data from C:\Users\Elias Daniel\node_modules\fragment-cache\package.json
136 verbose installManyTop reading scoped package data from C:\Users\Elias Daniel\node_modules\fs-mkdirp-stream\package.json
137 verbose installManyTop reading scoped package data from C:\Users\Elias Daniel\node_modules\fs.realpath\package.json
138 verbose installManyTop reading scoped package data from C:\Users\Elias Daniel\node_modules\function-bind\package.json
139 verbose installManyTop reading scoped package data from C:\Users\Elias Daniel\node_modules\get-caller-file\package.json
140 verbose installManyTop reading scoped package data from C:\Users\Elias Daniel\node_modules\get-value\package.json
141 verbose installManyTop reading scoped package data from C:\Users\Elias Daniel\node_modules\getpass\package.json
142 verbose installManyTop reading scoped package data from C:\Users\Elias Daniel\node_modules\glob\package.json
143 verbose installManyTop reading scoped package data from C:\Users\Elias Daniel\node_modules\glob-parent\package.json
144 verbose installManyTop reading scoped package data from C:\Users\Elias Daniel\node_modules\glob-stream\package.json
145 verbose installManyTop reading scoped package data from C:\Users\Elias Daniel\node_modules\glob-watcher\package.json
146 verbose installManyTop reading scoped package data from C:\Users\Elias Daniel\node_modules\global-modules\package.json
147 verbose installManyTop reading scoped package data from C:\Users\Elias Daniel\node_modules\global-prefix\package.json
148 verbose installManyTop reading scoped package data from C:\Users\Elias Daniel\node_modules\glogg\package.json
149 verbose installManyTop reading scoped package data from C:\Users\Elias Daniel\node_modules\graceful-fs\package.json
150 verbose installManyTop reading scoped package data from C:\Users\Elias Daniel\node_modules\gulp\package.json
151 verbose installManyTop reading scoped package data from C:\Users\Elias Daniel\node_modules\gulplog\package.json
152 verbose installManyTop reading scoped package data from C:\Users\Elias Daniel\node_modules\har-schema\package.json
153 verbose installManyTop reading scoped package data from C:\Users\Elias Daniel\node_modules\har-validator\package.json
154 verbose installManyTop reading scoped package data from C:\Users\Elias Daniel\node_modules\has-flag\package.json
155 verbose installManyTop reading scoped package data from C:\Users\Elias Daniel\node_modules\has-symbols\package.json
156 verbose installManyTop reading scoped package data from C:\Users\Elias Daniel\node_modules\has-value\package.json
157 verbose installManyTop reading scoped package data from C:\Users\Elias Daniel\node_modules\has-values\package.json
158 verbose installManyTop reading scoped package data from C:\Users\Elias Daniel\node_modules\he\package.json
159 verbose installManyTop reading scoped package data from C:\Users\Elias Daniel\node_modules\homedir-polyfill\package.json
160 verbose installManyTop reading scoped package data from C:\Users\Elias Daniel\node_modules\hosted-git-info\package.json
161 verbose installManyTop reading scoped package data from C:\Users\Elias Daniel\node_modules\html-minifier\package.json
162 verbose installManyTop reading scoped package data from C:\Users\Elias Daniel\node_modules\htmlparser2\package.json
163 verbose installManyTop reading scoped package data from C:\Users\Elias Daniel\node_modules\http-signature\package.json
164 verbose installManyTop reading scoped package data from C:\Users\Elias Daniel\node_modules\image-size\package.json
165 verbose installManyTop reading scoped package data from C:\Users\Elias Daniel\node_modules\inflight\package.json
166 verbose installManyTop reading scoped package data from C:\Users\Elias Daniel\node_modules\inherits\package.json
167 verbose installManyTop reading scoped package data from C:\Users\Elias Daniel\node_modules\ini\package.json
168 verbose installManyTop reading scoped package data from C:\Users\Elias Daniel\node_modules\interpret\package.json
169 verbose installManyTop reading scoped package data from C:\Users\Elias Daniel\node_modules\invert-kv\package.json
170 verbose installManyTop reading scoped package data from C:\Users\Elias Daniel\node_modules\is-absolute\package.json
171 verbose installManyTop reading scoped package data from C:\Users\Elias Daniel\node_modules\is-accessor-descriptor\package.json
172 verbose installManyTop reading scoped package data from C:\Users\Elias Daniel\node_modules\is-arrayish\package.json
173 verbose installManyTop reading scoped package data from C:\Users\Elias Daniel\node_modules\is-binary-path\package.json
174 verbose installManyTop reading scoped package data from C:\Users\Elias Daniel\node_modules\is-buffer\package.json
175 verbose installManyTop reading scoped package data from C:\Users\Elias Daniel\node_modules\is-data-descriptor\package.json
176 verbose installManyTop reading scoped package data from C:\Users\Elias Daniel\node_modules\is-descriptor\package.json
177 verbose installManyTop reading scoped package data from C:\Users\Elias Daniel\node_modules\is-extendable\package.json
178 verbose installManyTop reading scoped package data from C:\Users\Elias Daniel\node_modules\is-extglob\package.json
179 verbose installManyTop reading scoped package data from C:\Users\Elias Daniel\node_modules\is-fullwidth-code-point\package.json
180 verbose installManyTop reading scoped package data from C:\Users\Elias Daniel\node_modules\is-glob\package.json
181 verbose installManyTop reading scoped package data from C:\Users\Elias Daniel\node_modules\is-negated-glob\package.json
182 verbose installManyTop reading scoped package data from C:\Users\Elias Daniel\node_modules\is-number\package.json
183 verbose installManyTop reading scoped package data from C:\Users\Elias Daniel\node_modules\is-plain-object\package.json
184 verbose installManyTop reading scoped package data from C:\Users\Elias Daniel\node_modules\is-relative\package.json
185 verbose installManyTop reading scoped package data from C:\Users\Elias Daniel\node_modules\is-typedarray\package.json
186 verbose installManyTop reading scoped package data from C:\Users\Elias Daniel\node_modules\is-unc-path\package.json
187 verbose installManyTop reading scoped package data from C:\Users\Elias Daniel\node_modules\is-utf8\package.json
188 verbose installManyTop reading scoped package data from C:\Users\Elias Daniel\node_modules\is-valid-glob\package.json
189 verbose installManyTop reading scoped package data from C:\Users\Elias Daniel\node_modules\is-windows\package.json
190 verbose installManyTop reading scoped package data from C:\Users\Elias Daniel\node_modules\isarray\package.json
191 verbose installManyTop reading scoped package data from C:\Users\Elias Daniel\node_modules\isexe\package.json
192 verbose installManyTop reading scoped package data from C:\Users\Elias Daniel\node_modules\isobject\package.json
193 verbose installManyTop reading scoped package data from C:\Users\Elias Daniel\node_modules\isstream\package.json
194 verbose installManyTop reading scoped package data from C:\Users\Elias Daniel\node_modules\js-beautify\package.json
195 verbose installManyTop reading scoped package data from C:\Users\Elias Daniel\node_modules\js-tokens\package.json
196 verbose installManyTop reading scoped package data from C:\Users\Elias Daniel\node_modules\jsbn\package.json
197 verbose installManyTop reading scoped package data from C:\Users\Elias Daniel\node_modules\json-schema\package.json
198 verbose installManyTop reading scoped package data from C:\Users\Elias Daniel\node_modules\json-schema-traverse\package.json
199 verbose installManyTop reading scoped package data from C:\Users\Elias Daniel\node_modules\json-stable-stringify-without-jsonify\package.json
200 verbose installManyTop reading scoped package data from C:\Users\Elias Daniel\node_modules\json-stringify-safe\package.json
201 verbose installManyTop reading scoped package data from C:\Users\Elias Daniel\node_modules\jsprim\package.json
202 verbose installManyTop reading scoped package data from C:\Users\Elias Daniel\node_modules\juice\package.json
203 verbose installManyTop reading scoped package data from C:\Users\Elias Daniel\node_modules\just-debounce\package.json
204 verbose installManyTop reading scoped package data from C:\Users\Elias Daniel\node_modules\kind-of\package.json
205 verbose installManyTop reading scoped package data from C:\Users\Elias Daniel\node_modules\last-run\package.json
206 verbose installManyTop reading scoped package data from C:\Users\Elias Daniel\node_modules\lazystream\package.json
207 verbose installManyTop reading scoped package data from C:\Users\Elias Daniel\node_modules\lcid\package.json
208 verbose installManyTop reading scoped package data from C:\Users\Elias Daniel\node_modules\lead\package.json
209 verbose installManyTop reading scoped package data from C:\Users\Elias Daniel\node_modules\liftoff\package.json
210 verbose installManyTop reading scoped package data from C:\Users\Elias Daniel\node_modules\load-json-file\package.json
211 verbose installManyTop reading scoped package data from C:\Users\Elias Daniel\node_modules\locate-path\package.json
212 verbose installManyTop reading scoped package data from C:\Users\Elias Daniel\node_modules\lodash\package.json
213 verbose installManyTop reading scoped package data from C:\Users\Elias Daniel\node_modules\lodash.assignin\package.json
214 verbose installManyTop reading scoped package data from C:\Users\Elias Daniel\node_modules\lodash.bind\package.json
215 verbose installManyTop reading scoped package data from C:\Users\Elias Daniel\node_modules\lodash.defaults\package.json
216 verbose installManyTop reading scoped package data from C:\Users\Elias Daniel\node_modules\lodash.filter\package.json
217 verbose installManyTop reading scoped package data from C:\Users\Elias Daniel\node_modules\lodash.flatten\package.json
218 verbose installManyTop reading scoped package data from C:\Users\Elias Daniel\node_modules\lodash.foreach\package.json
219 verbose installManyTop reading scoped package data from C:\Users\Elias Daniel\node_modules\lodash.map\package.json
220 verbose installManyTop reading scoped package data from C:\Users\Elias Daniel\node_modules\lodash.merge\package.json
221 verbose installManyTop reading scoped package data from C:\Users\Elias Daniel\node_modules\lodash.pick\package.json
222 verbose installManyTop reading scoped package data from C:\Users\Elias Daniel\node_modules\lodash.reduce\package.json
223 verbose installManyTop reading scoped package data from C:\Users\Elias Daniel\node_modules\lodash.reject\package.json
224 verbose installManyTop reading scoped package data from C:\Users\Elias Daniel\node_modules\lodash.some\package.json
225 verbose installManyTop reading scoped package data from C:\Users\Elias Daniel\node_modules\lodash.unescape\package.json
226 verbose installManyTop reading scoped package data from C:\Users\Elias Daniel\node_modules\loose-envify\package.json
227 verbose installManyTop reading scoped package data from C:\Users\Elias Daniel\node_modules\lower-case\package.json
228 verbose installManyTop reading scoped package data from C:\Users\Elias Daniel\node_modules\lru-cache\package.json
229 verbose installManyTop reading scoped package data from C:\Users\Elias Daniel\node_modules\make-iterator\package.json
230 verbose installManyTop reading scoped package data from C:\Users\Elias Daniel\node_modules\map-cache\package.json
231 verbose installManyTop reading scoped package data from C:\Users\Elias Daniel\node_modules\map-visit\package.json
232 verbose installManyTop reading scoped package data from C:\Users\Elias Daniel\node_modules\matchdep\package.json
233 verbose installManyTop reading scoped package data from C:\Users\Elias Daniel\node_modules\mensch\package.json
234 verbose installManyTop reading scoped package data from C:\Users\Elias Daniel\node_modules\micromatch\package.json
235 verbose installManyTop reading scoped package data from C:\Users\Elias Daniel\node_modules\mime-db\package.json
236 verbose installManyTop reading scoped package data from C:\Users\Elias Daniel\node_modules\mime-types\package.json
237 verbose installManyTop reading scoped package data from C:\Users\Elias Daniel\node_modules\mimer\package.json
238 verbose installManyTop reading scoped package data from C:\Users\Elias Daniel\node_modules\minimatch\package.json
239 verbose installManyTop reading scoped package data from C:\Users\Elias Daniel\node_modules\mixin-deep\package.json
240 verbose installManyTop reading scoped package data from C:\Users\Elias Daniel\node_modules\mjml\package.json
241 verbose installManyTop reading scoped package data from C:\Users\Elias Daniel\node_modules\mjml-accordion\package.json
242 verbose installManyTop reading scoped package data from C:\Users\Elias Daniel\node_modules\mjml-body\package.json
243 verbose installManyTop reading scoped package data from C:\Users\Elias Daniel\node_modules\mjml-button\package.json
244 verbose installManyTop reading scoped package data from C:\Users\Elias Daniel\node_modules\mjml-carousel\package.json
245 verbose installManyTop reading scoped package data from C:\Users\Elias Daniel\node_modules\mjml-cli\package.json
246 verbose installManyTop reading scoped package data from C:\Users\Elias Daniel\node_modules\mjml-column\package.json
247 verbose installManyTop reading scoped package data from C:\Users\Elias Daniel\node_modules\mjml-core\package.json
248 verbose installManyTop reading scoped package data from C:\Users\Elias Daniel\node_modules\mjml-divider\package.json
249 verbose installManyTop reading scoped package data from C:\Users\Elias Daniel\node_modules\mjml-group\package.json
250 verbose installManyTop reading scoped package data from C:\Users\Elias Daniel\node_modules\mjml-head\package.json
251 verbose installManyTop reading scoped package data from C:\Users\Elias Daniel\node_modules\mjml-head-attributes\package.json
252 verbose installManyTop reading scoped package data from C:\Users\Elias Daniel\node_modules\mjml-head-breakpoint\package.json
253 verbose installManyTop reading scoped package data from C:\Users\Elias Daniel\node_modules\mjml-head-font\package.json
254 verbose installManyTop reading scoped package data from C:\Users\Elias Daniel\node_modules\mjml-head-preview\package.json
255 verbose installManyTop reading scoped package data from C:\Users\Elias Daniel\node_modules\mjml-head-style\package.json
256 verbose installManyTop reading scoped package data from C:\Users\Elias Daniel\node_modules\mjml-head-title\package.json
257 verbose installManyTop reading scoped package data from C:\Users\Elias Daniel\node_modules\mjml-hero\package.json
258 verbose installManyTop reading scoped package data from C:\Users\Elias Daniel\node_modules\mjml-image\package.json
259 verbose installManyTop reading scoped package data from C:\Users\Elias Daniel\node_modules\mjml-migrate\package.json
260 verbose installManyTop reading scoped package data from C:\Users\Elias Daniel\node_modules\mjml-navbar\package.json
261 verbose installManyTop reading scoped package data from C:\Users\Elias Daniel\node_modules\mjml-parser-xml\package.json
262 verbose installManyTop reading scoped package data from C:\Users\Elias Daniel\node_modules\mjml-raw\package.json
263 verbose installManyTop reading scoped package data from C:\Users\Elias Daniel\node_modules\mjml-section\package.json
264 verbose installManyTop reading scoped package data from C:\Users\Elias Daniel\node_modules\mjml-social\package.json
265 verbose installManyTop reading scoped package data from C:\Users\Elias Daniel\node_modules\mjml-spacer\package.json
266 verbose installManyTop reading scoped package data from C:\Users\Elias Daniel\node_modules\mjml-table\package.json
267 verbose installManyTop reading scoped package data from C:\Users\Elias Daniel\node_modules\mjml-text\package.json
268 verbose installManyTop reading scoped package data from C:\Users\Elias Daniel\node_modules\mjml-validator\package.json
269 verbose installManyTop reading scoped package data from C:\Users\Elias Daniel\node_modules\mjml-wrapper\package.json
270 verbose installManyTop reading scoped package data from C:\Users\Elias Daniel\node_modules\mkdirp\package.json
271 verbose installManyTop reading scoped package data from C:\Users\Elias Daniel\node_modules\ms\package.json
272 verbose installManyTop reading scoped package data from C:\Users\Elias Daniel\node_modules\mute-stdout\package.json
273 verbose installManyTop reading scoped package data from C:\Users\Elias Daniel\node_modules\nan\package.json
274 verbose installManyTop reading scoped package data from C:\Users\Elias Daniel\node_modules\nanomatch\package.json
275 verbose installManyTop reading scoped package data from C:\Users\Elias Daniel\node_modules\next-tick\package.json
276 verbose installManyTop reading scoped package data from C:\Users\Elias Daniel\node_modules\nice-try\package.json
277 verbose installManyTop reading scoped package data from C:\Users\Elias Daniel\node_modules\no-case\package.json
278 verbose installManyTop reading scoped package data from C:\Users\Elias Daniel\node_modules\nopt\package.json
279 verbose installManyTop reading scoped package data from C:\Users\Elias Daniel\node_modules\normalize-package-data\package.json
280 verbose installManyTop reading scoped package data from C:\Users\Elias Daniel\node_modules\normalize-path\package.json
281 verbose installManyTop reading scoped package data from C:\Users\Elias Daniel\node_modules\now-and-later\package.json
282 verbose installManyTop reading scoped package data from C:\Users\Elias Daniel\node_modules\nth-check\package.json
283 verbose installManyTop reading scoped package data from C:\Users\Elias Daniel\node_modules\number-is-nan\package.json
284 verbose installManyTop reading scoped package data from C:\Users\Elias Daniel\node_modules\oauth-sign\package.json
285 verbose installManyTop reading scoped package data from C:\Users\Elias Daniel\node_modules\object-copy\package.json
286 verbose installManyTop reading scoped package data from C:\Users\Elias Daniel\node_modules\object-keys\package.json
287 verbose installManyTop reading scoped package data from C:\Users\Elias Daniel\node_modules\object-visit\package.json
288 verbose installManyTop reading scoped package data from C:\Users\Elias Daniel\node_modules\object.assign\package.json
289 verbose installManyTop reading scoped package data from C:\Users\Elias Daniel\node_modules\object.defaults\package.json
290 verbose installManyTop reading scoped package data from C:\Users\Elias Daniel\node_modules\object.map\package.json
291 verbose installManyTop reading scoped package data from C:\Users\Elias Daniel\node_modules\object.pick\package.json
292 verbose installManyTop reading scoped package data from C:\Users\Elias Daniel\node_modules\object.reduce\package.json
293 verbose installManyTop reading scoped package data from C:\Users\Elias Daniel\node_modules\once\package.json
294 verbose installManyTop reading scoped package data from C:\Users\Elias Daniel\node_modules\ordered-read-streams\package.json
295 verbose installManyTop reading scoped package data from C:\Users\Elias Daniel\node_modules\os-locale\package.json
296 verbose installManyTop reading scoped package data from C:\Users\Elias Daniel\node_modules\p-limit\package.json
297 verbose installManyTop reading scoped package data from C:\Users\Elias Daniel\node_modules\p-locate\package.json
298 verbose installManyTop reading scoped package data from C:\Users\Elias Daniel\node_modules\p-try\package.json
299 verbose installManyTop reading scoped package data from C:\Users\Elias Daniel\node_modules\param-case\package.json
300 verbose installManyTop reading scoped package data from C:\Users\Elias Daniel\node_modules\parse-filepath\package.json
301 verbose installManyTop reading scoped package data from C:\Users\Elias Daniel\node_modules\parse-json\package.json
302 verbose installManyTop reading scoped package data from C:\Users\Elias Daniel\node_modules\parse-node-version\package.json
303 verbose installManyTop reading scoped package data from C:\Users\Elias Daniel\node_modules\parse-passwd\package.json
304 verbose installManyTop reading scoped package data from C:\Users\Elias Daniel\node_modules\pascalcase\package.json
305 verbose installManyTop reading scoped package data from C:\Users\Elias Daniel\node_modules\path-dirname\package.json
306 verbose installManyTop reading scoped package data from C:\Users\Elias Daniel\node_modules\path-exists\package.json
307 verbose installManyTop reading scoped package data from C:\Users\Elias Daniel\node_modules\path-is-absolute\package.json
308 verbose installManyTop reading scoped package data from C:\Users\Elias Daniel\node_modules\path-key\package.json
309 verbose installManyTop reading scoped package data from C:\Users\Elias Daniel\node_modules\path-parse\package.json
310 verbose installManyTop reading scoped package data from C:\Users\Elias Daniel\node_modules\path-root\package.json
311 verbose installManyTop reading scoped package data from C:\Users\Elias Daniel\node_modules\path-root-regex\package.json
312 verbose installManyTop reading scoped package data from C:\Users\Elias Daniel\node_modules\path-type\package.json
313 verbose installManyTop reading scoped package data from C:\Users\Elias Daniel\node_modules\performance-now\package.json
314 verbose installManyTop reading scoped package data from C:\Users\Elias Daniel\node_modules\picomatch\package.json
315 verbose installManyTop reading scoped package data from C:\Users\Elias Daniel\node_modules\pify\package.json
316 verbose installManyTop reading scoped package data from C:\Users\Elias Daniel\node_modules\pinkie\package.json
317 verbose installManyTop reading scoped package data from C:\Users\Elias Daniel\node_modules\pinkie-promise\package.json
318 verbose installManyTop reading scoped package data from C:\Users\Elias Daniel\node_modules\posix-character-classes\package.json
319 verbose installManyTop reading scoped package data from C:\Users\Elias Daniel\node_modules\pretty-hrtime\package.json
320 verbose installManyTop reading scoped package data from C:\Users\Elias Daniel\node_modules\process-nextick-args\package.json
321 verbose installManyTop reading scoped package data from C:\Users\Elias Daniel\node_modules\proto-list\package.json
322 verbose installManyTop reading scoped package data from C:\Users\Elias Daniel\node_modules\pseudomap\package.json
323 verbose installManyTop reading scoped package data from C:\Users\Elias Daniel\node_modules\psl\package.json
324 verbose installManyTop reading scoped package data from C:\Users\Elias Daniel\node_modules\pump\package.json
325 verbose installManyTop reading scoped package data from C:\Users\Elias Daniel\node_modules\pumpify\package.json
326 verbose installManyTop reading scoped package data from C:\Users\Elias Daniel\node_modules\punycode\package.json
327 verbose installManyTop reading scoped package data from C:\Users\Elias Daniel\node_modules\qs\package.json
328 verbose installManyTop reading scoped package data from C:\Users\Elias Daniel\node_modules\read-pkg\package.json
329 verbose installManyTop reading scoped package data from C:\Users\Elias Daniel\node_modules\read-pkg-up\package.json
330 verbose installManyTop reading scoped package data from C:\Users\Elias Daniel\node_modules\readable-stream\package.json
331 verbose installManyTop reading scoped package data from C:\Users\Elias Daniel\node_modules\readdirp\package.json
332 verbose installManyTop reading scoped package data from C:\Users\Elias Daniel\node_modules\rechoir\package.json
333 verbose installManyTop reading scoped package data from C:\Users\Elias Daniel\node_modules\regenerator-runtime\package.json
334 verbose installManyTop reading scoped package data from C:\Users\Elias Daniel\node_modules\regex-not\package.json
335 verbose installManyTop reading scoped package data from C:\Users\Elias Daniel\node_modules\relateurl\package.json
336 verbose installManyTop reading scoped package data from C:\Users\Elias Daniel\node_modules\remove-bom-buffer\package.json
337 verbose installManyTop reading scoped package data from C:\Users\Elias Daniel\node_modules\remove-bom-stream\package.json
338 verbose installManyTop reading scoped package data from C:\Users\Elias Daniel\node_modules\remove-trailing-separator\package.json
339 verbose installManyTop reading scoped package data from C:\Users\Elias Daniel\node_modules\repeat-element\package.json
340 verbose installManyTop reading scoped package data from C:\Users\Elias Daniel\node_modules\repeat-string\package.json
341 verbose installManyTop reading scoped package data from C:\Users\Elias Daniel\node_modules\replace-ext\package.json
342 verbose installManyTop reading scoped package data from C:\Users\Elias Daniel\node_modules\replace-homedir\package.json
343 verbose installManyTop reading scoped package data from C:\Users\Elias Daniel\node_modules\request\package.json
344 verbose installManyTop reading scoped package data from C:\Users\Elias Daniel\node_modules\require-directory\package.json
345 verbose installManyTop reading scoped package data from C:\Users\Elias Daniel\node_modules\require-main-filename\package.json
346 verbose installManyTop reading scoped package data from C:\Users\Elias Daniel\node_modules\resolve\package.json
347 verbose installManyTop reading scoped package data from C:\Users\Elias Daniel\node_modules\resolve-dir\package.json
348 verbose installManyTop reading scoped package data from C:\Users\Elias Daniel\node_modules\resolve-options\package.json
349 verbose installManyTop reading scoped package data from C:\Users\Elias Daniel\node_modules\resolve-url\package.json
350 verbose installManyTop reading scoped package data from C:\Users\Elias Daniel\node_modules\ret\package.json
351 verbose installManyTop reading scoped package data from C:\Users\Elias Daniel\node_modules\safe-buffer\package.json
352 verbose installManyTop reading scoped package data from C:\Users\Elias Daniel\node_modules\safe-regex\package.json
353 verbose installManyTop reading scoped package data from C:\Users\Elias Daniel\node_modules\safer-buffer\package.json
354 verbose installManyTop reading scoped package data from C:\Users\Elias Daniel\node_modules\semver\package.json
355 verbose installManyTop reading scoped package data from C:\Users\Elias Daniel\node_modules\semver-greatest-satisfied-range\package.json
356 verbose installManyTop reading scoped package data from C:\Users\Elias Daniel\node_modules\set-blocking\package.json
357 verbose installManyTop reading scoped package data from C:\Users\Elias Daniel\node_modules\set-value\package.json
358 verbose installManyTop reading scoped package data from C:\Users\Elias Daniel\node_modules\shebang-command\package.json
359 verbose installManyTop reading scoped package data from C:\Users\Elias Daniel\node_modules\shebang-regex\package.json
360 verbose installManyTop reading scoped package data from C:\Users\Elias Daniel\node_modules\sigmund\package.json
361 verbose installManyTop reading scoped package data from C:\Users\Elias Daniel\node_modules\slick\package.json
362 verbose installManyTop reading scoped package data from C:\Users\Elias Daniel\node_modules\snapdragon\package.json
363 verbose installManyTop reading scoped package data from C:\Users\Elias Daniel\node_modules\snapdragon-node\package.json
364 verbose installManyTop reading scoped package data from C:\Users\Elias Daniel\node_modules\snapdragon-util\package.json
365 verbose installManyTop reading scoped package data from C:\Users\Elias Daniel\node_modules\source-map\package.json
366 verbose installManyTop reading scoped package data from C:\Users\Elias Daniel\node_modules\source-map-resolve\package.json
367 verbose installManyTop reading scoped package data from C:\Users\Elias Daniel\node_modules\source-map-url\package.json
368 verbose installManyTop reading scoped package data from C:\Users\Elias Daniel\node_modules\sparkles\package.json
369 verbose installManyTop reading scoped package data from C:\Users\Elias Daniel\node_modules\spdx-correct\package.json
370 verbose installManyTop reading scoped package data from C:\Users\Elias Daniel\node_modules\spdx-exceptions\package.json
371 verbose installManyTop reading scoped package data from C:\Users\Elias Daniel\node_modules\spdx-expression-parse\package.json
372 verbose installManyTop reading scoped package data from C:\Users\Elias Daniel\node_modules\spdx-license-ids\package.json
373 verbose installManyTop reading scoped package data from C:\Users\Elias Daniel\node_modules\split-string\package.json
374 verbose installManyTop reading scoped package data from C:\Users\Elias Daniel\node_modules\sshpk\package.json
375 verbose installManyTop reading scoped package data from C:\Users\Elias Daniel\node_modules\stack-trace\package.json
376 verbose installManyTop reading scoped package data from C:\Users\Elias Daniel\node_modules\static-extend\package.json
377 verbose installManyTop reading scoped package data from C:\Users\Elias Daniel\node_modules\stream-exhaust\package.json
378 verbose installManyTop reading scoped package data from C:\Users\Elias Daniel\node_modules\stream-shift\package.json
379 verbose installManyTop reading scoped package data from C:\Users\Elias Daniel\node_modules\string-width\package.json
380 verbose installManyTop reading scoped package data from C:\Users\Elias Daniel\node_modules\string_decoder\package.json
381 verbose installManyTop reading scoped package data from C:\Users\Elias Daniel\node_modules\strip-ansi\package.json
382 verbose installManyTop reading scoped package data from C:\Users\Elias Daniel\node_modules\strip-bom\package.json
383 verbose installManyTop reading scoped package data from C:\Users\Elias Daniel\node_modules\supports-color\package.json
384 verbose installManyTop reading scoped package data from C:\Users\Elias Daniel\node_modules\sver-compat\package.json
385 verbose installManyTop reading scoped package data from C:\Users\Elias Daniel\node_modules\through2\package.json
386 verbose installManyTop reading scoped package data from C:\Users\Elias Daniel\node_modules\through2-filter\package.json
387 verbose installManyTop reading scoped package data from C:\Users\Elias Daniel\node_modules\time-stamp\package.json
388 verbose installManyTop reading scoped package data from C:\Users\Elias Daniel\node_modules\to-absolute-glob\package.json
389 verbose installManyTop reading scoped package data from C:\Users\Elias Daniel\node_modules\to-object-path\package.json
390 verbose installManyTop reading scoped package data from C:\Users\Elias Daniel\node_modules\to-regex\package.json
391 verbose installManyTop reading scoped package data from C:\Users\Elias Daniel\node_modules\to-regex-range\package.json
392 verbose installManyTop reading scoped package data from C:\Users\Elias Daniel\node_modules\to-through\package.json
393 verbose installManyTop reading scoped package data from C:\Users\Elias Daniel\node_modules\tough-cookie\package.json
394 verbose installManyTop reading scoped package data from C:\Users\Elias Daniel\node_modules\tunnel-agent\package.json
395 verbose installManyTop reading scoped package data from C:\Users\Elias Daniel\node_modules\tweetnacl\package.json
396 verbose installManyTop reading scoped package data from C:\Users\Elias Daniel\node_modules\type\package.json
397 verbose installManyTop reading scoped package data from C:\Users\Elias Daniel\node_modules\typedarray\package.json
398 verbose installManyTop reading scoped package data from C:\Users\Elias Daniel\node_modules\uglify-js\package.json
399 verbose installManyTop reading scoped package data from C:\Users\Elias Daniel\node_modules\unc-path-regex\package.json
400 verbose installManyTop reading scoped package data from C:\Users\Elias Daniel\node_modules\undertaker\package.json
401 verbose installManyTop reading scoped package data from C:\Users\Elias Daniel\node_modules\undertaker-registry\package.json
402 verbose installManyTop reading scoped package data from C:\Users\Elias Daniel\node_modules\union-value\package.json
403 verbose installManyTop reading scoped package data from C:\Users\Elias Daniel\node_modules\unique-stream\package.json
404 verbose installManyTop reading scoped package data from C:\Users\Elias Daniel\node_modules\unset-value\package.json
405 verbose installManyTop reading scoped package data from C:\Users\Elias Daniel\node_modules\upath\package.json
406 verbose installManyTop reading scoped package data from C:\Users\Elias Daniel\node_modules\upper-case\package.json
407 verbose installManyTop reading scoped package data from C:\Users\Elias Daniel\node_modules\uri-js\package.json
408 verbose installManyTop reading scoped package data from C:\Users\Elias Daniel\node_modules\urix\package.json
409 verbose installManyTop reading scoped package data from C:\Users\Elias Daniel\node_modules\use\package.json
410 verbose installManyTop reading scoped package data from C:\Users\Elias Daniel\node_modules\util-deprecate\package.json
411 verbose installManyTop reading scoped package data from C:\Users\Elias Daniel\node_modules\uuid\package.json
412 verbose installManyTop reading scoped package data from C:\Users\Elias Daniel\node_modules\v8flags\package.json
413 verbose installManyTop reading scoped package data from C:\Users\Elias Daniel\node_modules\valid-data-url\package.json
414 verbose installManyTop reading scoped package data from C:\Users\Elias Daniel\node_modules\validate-npm-package-license\package.json
415 verbose installManyTop reading scoped package data from C:\Users\Elias Daniel\node_modules\value-or-function\package.json
416 verbose installManyTop reading scoped package data from C:\Users\Elias Daniel\node_modules\verror\package.json
417 verbose installManyTop reading scoped package data from C:\Users\Elias Daniel\node_modules\vinyl\package.json
418 verbose installManyTop reading scoped package data from C:\Users\Elias Daniel\node_modules\vinyl-fs\package.json
419 verbose installManyTop reading scoped package data from C:\Users\Elias Daniel\node_modules\vinyl-sourcemap\package.json
420 verbose installManyTop reading scoped package data from C:\Users\Elias Daniel\node_modules\warning\package.json
421 verbose installManyTop reading scoped package data from C:\Users\Elias Daniel\node_modules\web-resource-inliner\package.json
422 verbose installManyTop reading scoped package data from C:\Users\Elias Daniel\node_modules\which\package.json
423 verbose installManyTop reading scoped package data from C:\Users\Elias Daniel\node_modules\which-module\package.json
424 verbose installManyTop reading scoped package data from C:\Users\Elias Daniel\node_modules\wrap-ansi\package.json
425 verbose installManyTop reading scoped package data from C:\Users\Elias Daniel\node_modules\wrappy\package.json
426 verbose installManyTop reading scoped package data from C:\Users\Elias Daniel\node_modules\xtend\package.json
427 verbose installManyTop reading scoped package data from C:\Users\Elias Daniel\node_modules\y18n\package.json
428 verbose installManyTop reading scoped package data from C:\Users\Elias Daniel\node_modules\yallist\package.json
429 verbose installManyTop reading scoped package data from C:\Users\Elias Daniel\node_modules\yargs\package.json
430 verbose installManyTop reading scoped package data from C:\Users\Elias Daniel\node_modules\yargs-parser\package.json
431 verbose installManyTop reading scoped package data from C:\Users\Elias Daniel\node_modules\@babel\runtime\package.json
432 info package.json camel-case@3.0.0 No README data
433 info package.json copy-descriptor@0.1.1 No README data
434 info package.json dom-serializer@0.1.1 No README data
435 info package.json get-value@2.0.6 No README data
436 info package.json mjml-head@4.6.3 No README data
437 info package.json mjml-parser-xml@4.6.3 No README data
438 info package.json object-copy@0.1.0 No README data
439 info package.json static-extend@0.1.2 No README data
440 info package.json ansi-wrap@0.1.0 license should be a valid SPDX license expression
441 info package.json config-chain@1.1.12 No license field.
442 info package.json css-select@1.2.0 license should be a valid SPDX license expression
443 info package.json domutils@1.5.1 No license field.
444 info package.json json-schema@0.2.3 No license field.
445 info package.json punycode@2.1.1 punycode is also the name of a node core module.
446 info package.json rechoir@0.6.2 No license field.
447 info package.json slick@1.12.2 license should be a valid SPDX license expression
448 info package.json string_decoder@1.1.1 string_decoder is also the name of a node core module.
449 verbose readDependencies loading dependencies from C:\Users\Elias Daniel\package.json
450 verbose install mjml is installed as 4.6.3
451 silly cache add args [ 'mjml', null ]
452 verbose cache add spec mjml
453 silly cache add parsed spec { raw: 'mjml',
453 silly cache add   scope: null,
453 silly cache add   name: 'mjml',
453 silly cache add   rawSpec: '',
453 silly cache add   spec: 'latest',
453 silly cache add   type: 'tag' }
454 silly addNamed mjml@latest
455 verbose addNamed "latest" is being treated as a dist-tag for mjml
456 info addNameTag [ 'mjml', 'latest' ]
457 silly mapToRegistry name mjml
458 silly mapToRegistry using default registry
459 silly mapToRegistry registry https://registry.npmjs.org/
460 silly mapToRegistry data { raw: 'mjml',
460 silly mapToRegistry   scope: null,
460 silly mapToRegistry   name: 'mjml',
460 silly mapToRegistry   rawSpec: '',
460 silly mapToRegistry   spec: 'latest',
460 silly mapToRegistry   type: 'tag' }
461 silly mapToRegistry uri https://registry.npmjs.org/mjml
462 verbose addNameTag registry:https://registry.npmjs.org/mjml not in flight; fetching
463 verbose request uri https://registry.npmjs.org/mjml
464 verbose request no auth needed
465 info attempt registry request try #1 at 16:39:26
466 verbose request id 5f0fb4b04538617c
467 verbose etag W/"edce862befabc74bb9ac2e0a866171ed"
468 verbose lastModified Fri, 29 May 2020 16:18:27 GMT
469 http request GET https://registry.npmjs.org/mjml
470 http 304 https://registry.npmjs.org/mjml
471 verbose headers { date: 'Thu, 27 Aug 2020 22:39:26 GMT',
471 verbose headers   connection: 'keep-alive',
471 verbose headers   'set-cookie': [ '__cfduid=de91ef3b6146ae6109054dd19cd4d1d291598567966; expires=Sat, 26-Sep-20 22:39:26 GMT; path=/; domain=.npmjs.org; HttpOnly; SameSite=Lax' ],
471 verbose headers   'cf-ray': '5c9949e0ac6fe958-MIA',
471 verbose headers   age: '2999',
471 verbose headers   'cache-control': 'public, max-age=300',
471 verbose headers   etag: '"edce862befabc74bb9ac2e0a866171ed"',
471 verbose headers   'last-modified': 'Fri, 29 May 2020 16:18:27 GMT',
471 verbose headers   vary: 'Accept-Encoding',
471 verbose headers   'cf-cache-status': 'HIT',
471 verbose headers   'cf-request-id': '04d3ac80650000e95851223200000001',
471 verbose headers   'expect-ct': 'max-age=604800, report-uri="https://report-uri.cloudflare.com/cdn-cgi/beacon/expect-ct"',
471 verbose headers   server: 'cloudflare' }
472 silly get cb [ 304,
472 silly get   { date: 'Thu, 27 Aug 2020 22:39:26 GMT',
472 silly get     connection: 'keep-alive',
472 silly get     'set-cookie': [ '__cfduid=de91ef3b6146ae6109054dd19cd4d1d291598567966; expires=Sat, 26-Sep-20 22:39:26 GMT; path=/; domain=.npmjs.org; HttpOnly; SameSite=Lax' ],
472 silly get     'cf-ray': '5c9949e0ac6fe958-MIA',
472 silly get     age: '2999',
472 silly get     'cache-control': 'public, max-age=300',
472 silly get     etag: '"edce862befabc74bb9ac2e0a866171ed"',
472 silly get     'last-modified': 'Fri, 29 May 2020 16:18:27 GMT',
472 silly get     vary: 'Accept-Encoding',
472 silly get     'cf-cache-status': 'HIT',
472 silly get     'cf-request-id': '04d3ac80650000e95851223200000001',
472 silly get     'expect-ct': 'max-age=604800, report-uri="https://report-uri.cloudflare.com/cdn-cgi/beacon/expect-ct"',
472 silly get     server: 'cloudflare' } ]
473 verbose etag https://registry.npmjs.org/mjml from cache
474 verbose get saving mjml to C:\Users\Elias Daniel\AppData\Roaming\npm-cache\registry.npmjs.org\mjml\.cache.json
475 verbose correctMkdir C:\Users\Elias Daniel\AppData\Roaming\npm-cache correctMkdir not in flight; initializing
476 silly addNameTag next cb for mjml with tag latest
477 silly addNamed mjml@4.6.3
478 verbose addNamed "4.6.3" is a plain semver version for mjml
479 verbose stack Error: Failed to parse json
479 verbose stack Unexpected token '\u0000' at 1:1
479 verbose stack                                                                                
479 verbose stack ^
479 verbose stack     at parseError (C:\Program Files\nvm\v0.10.48\node_modules\npm\node_modules\read-package-json\read-json.js:379:11)
479 verbose stack     at parseJson (C:\Program Files\nvm\v0.10.48\node_modules\npm\node_modules\read-package-json\read-json.js:68:23)
479 verbose stack     at C:\Program Files\nvm\v0.10.48\node_modules\npm\node_modules\read-package-json\read-json.js:48:5
479 verbose stack     at C:\Program Files\nvm\v0.10.48\node_modules\npm\node_modules\graceful-fs\graceful-fs.js:78:16
479 verbose stack     at fs.js:272:14
479 verbose stack     at C:\Program Files\nvm\v0.10.48\node_modules\npm\node_modules\graceful-fs\graceful-fs.js:43:10
479 verbose stack     at Object.oncomplete (fs.js:108:15)
480 verbose cwd C:\Users\Elias Daniel\Desktop\MJML
481 error Windows_NT 10.0.18362
482 error argv "C:\\Program Files\\nodejs\\\\node.exe" "C:\\Program Files\\nodejs\\node_modules\\npm\\bin\\npm-cli.js" "install" "mjml"
483 error node v0.10.48
484 error npm  v2.15.1
485 error file C:\Users\Elias Daniel\AppData\Roaming\npm-cache\mjml\4.6.3\package\package.json
486 error code EJSONPARSE
487 error Failed to parse json
487 error Unexpected token '\u0000' at 1:1
487 error                                                                                
487 error ^
488 error File: C:\Users\Elias Daniel\AppData\Roaming\npm-cache\mjml\4.6.3\package\package.json
489 error Failed to parse package.json data.
489 error package.json must be actual JSON, not just JavaScript.
489 error
489 error This is not a bug in npm.
489 error Tell the package author to fix their package.json file. JSON.parse
490 verbose exit [ 1, true ]
